[trustpad-ob.com/poon/index.html]
[backblue.gif]
[fade.gif]
[index.html]
[trustpad-ob.com/poon/favicon.png]
[trustpad-ob.com/poon/1abedce8-3afa-4640-a9fa-4ec3f704cc7f.js]
[trustpad-ob.com/poon/assets/bootstrap.min.css]
[trustpad-ob.com/poon/assets/Alfphabet-IV.ttf]
[trustpad-ob.com/poon/assets/main.png]
[cdn.jsdelivr.net/npm/bootstrap-icons@1.11.3/font/bootstrap-icons.min.css]
[trustpad-ob.com/poon/assets/logo.svg]
[trustpad-ob.com/poon/assets/pancakeswap.svg]
[trustpad-ob.com/poon/POON.webp]
[code.jquery.com/jquery-3.6.0.min.js]
[trustpad-ob.com/poon/index.html]
[trustpad-ob.com/poon/assets/bootstrap.min.css]
[trustpad-ob.com/poon/assets/bootstrap.bundle.min.js]
[cdn.jsdelivr.net/npm/bootstrap-icons@1.11.3/font/fonts/bootstrap-icons0107.woff2]
[cdn.jsdelivr.net/npm/bootstrap-icons@1.11.3/font/fonts/bootstrap-icons0107.woff]
[cdn.jsdelivr.net/npm/bootstrap-icons@1.11.3/font/bootstrap-icons.min.css]
[trustpad-ob.com/poon/assets/logo.svg]
[trustpad-ob.com/poon/assets/pancakeswap.svg]
